START
load disambiguations. wall time: 0.003226149082183838  minutes
disambiguations_errors:  0
load wiki_name_id_map. wall time: 0.02176274061203003  minutes
wiki_name_id_map_errors:  0
duplicate names:  49220
duplicate ids:  0
['', 'the journal of modern history', 'peter newman', 'damana', 'wta awards', 'sándor kőrösi csoma', 'landsberg', 'uriah grant', 'hierges', 'billy gardell', 'kelen coleman', 'stéphane bullion', 'ray mala', 'étienne le camus', 'margaret fell']
process_TR	unknown_gt_ids: 19613/37860 (51.80%)
nb '\n' = 142846
file save at '/people/carpentier/Modeles/end2end_neural_el-master/code/../data/new_datasets_wiki2vec_TR/TR_train.txt'
['(10979) Fristephenson', '(242) Kriemhild', '(511) Davida', '11e brigade parachutiste', "171e régiment d'infanterie", "18e étape du Tour d'Espagne 2007"]
dev files : 1470/4412 (33.32%)
test file : 2942/4412 (66.68%)

load disambiguations. wall time: 0.0032187382380167644  minutes
disambiguations_errors:  0
load wiki_name_id_map. wall time: 0.017779143651326497  minutes
wiki_name_id_map_errors:  0
duplicate names:  49220
duplicate ids:  0
['', 'the journal of modern history', 'peter newman', 'damana', 'wta awards', 'sándor kőrösi csoma', 'landsberg', 'uriah grant', 'hierges', 'billy gardell', 'kelen coleman', 'stéphane bullion', 'ray mala', 'étienne le camus', 'margaret fell']
process_TR	unknown_gt_ids: 2780/4932 (56.37%)
nb '\n' = 23280
file save at '/people/carpentier/Modeles/end2end_neural_el-master/code/../data/new_datasets_wiki2vec_TR/TR_dev.txt'
load disambiguations. wall time: 0.0034303903579711915  minutes
disambiguations_errors:  0
load wiki_name_id_map. wall time: 0.021617670853932697  minutes
wiki_name_id_map_errors:  0
duplicate names:  49220
duplicate ids:  0
['', 'the journal of modern history', 'peter newman', 'damana', 'wta awards', 'sándor kőrösi csoma', 'landsberg', 'uriah grant', 'hierges', 'billy gardell', 'kelen coleman', 'stéphane bullion', 'ray mala', 'étienne le camus', 'margaret fell']
process_TR	unknown_gt_ids: 5228/9426 (55.46%)
nb '\n' = 47346
file save at '/people/carpentier/Modeles/end2end_neural_el-master/code/../data/new_datasets_wiki2vec_TR/TR_test.txt'
remerge dev & test :
	old dev : 1470 docs
	new test : 4412 docs
DONE
len(train_entities) = 20762
len(dev_entities) = 4162
len(test_entities) = 7632
train_entities.intersection(dev_entities) = 606
train_entities.intersection(test_entities) = 1057
dev_entities.intersection(test_entities) = 367
len(train_mentions) = 21188
len(dev_mentions) = 4245
len(test_mentions) = 7782
train_mentions.intersection(dev_mentions) = 421
train_mentions.intersection(test_mentions) = 807
dev_mentions.intersection(test_mentions) = 327
Namespace(calculate_stats=True, cand_ent_num=30, char_freq_thr=1, chunking='per_document', context_bert=False, create_entity_universe=False, datasets_folder='new_datasets_wiki2vec_TR', entity_extension=None, experiment_name='transfert_fr_wiki2vec', include_wikidumpRLTD=False, lowercase_p_e_m=False, lowercase_spans=False, max_mention_width=10, p_e_m_choice='crosswiki', persons_coreference=True, persons_coreference_merge=True, prob_p_e_m='crosswikis_wikipedia2vec_p_e_m.txt', wercase_p_e_m=False, wiki_id_file='wiki_name_id_map_wiki2vec.txt', wikiid2nnid_file='wikiid2nnid_wiki2vec.txt', word2vec='google', word_bert=False, word_freq_thr=1)
Processing dataset:  ace2004.txt
Processing dataset:  aida_dev.txt
Processing dataset:  aida_test.txt
Processing dataset:  aida_train.txt
Processing dataset:  aquaint.txt
Processing dataset:  clueweb.txt
Processing dataset:  msnbc.txt
Processing dataset:  wikipedia.txt
Processing dataset:  TR_dev.txt
Processing dataset:  TR_test.txt
Processing dataset:  TR_train.txt
Processing dataset:  TR_conll_train.txt
Processing dataset:  TR_conll_test.txt
Processing dataset:  TR_conll_dev.txt
Processing dataset:  aida_w2v_train.txt
Processing dataset:  aida_w2v_test.txt
Processing dataset:  aida_w2v_dev.txt
Processing dataset:  TR_w2v_train.txt
Processing dataset:  TR_w2v_test.txt
Processing dataset:  TR_w2v_dev.txt
not_in_word2vec_cnt =  4659627
all_words_cnt =  14099619
some frequency statistics. The bins are [...) 
word  frequency histogram, edges:  [1, 2, 3, 6, 11, 21, 31, 51, 76, 101, 201, inf]
absolute values:         [11401  7795 26037 15415  8936  4313  3695  2274  1199  2186  3547]
absolute cumulative (right to left):     [86798 75397 67602 41565 26150 17214 12901  9206  6932  5733  3547]
probabilites cumulative (right to left): [1.         0.86864905 0.77884283 0.47887048 0.30127422 0.19832254
 0.14863246 0.10606235 0.07986359 0.06604991 0.040865  ]
character  frequency histogram, edges:  [1, 6, 11, 21, 51, 101, 201, 501, 1001, 2001, inf]
absolute values:         [740 292 117 105  56  53  25  13  17 116]
absolute cumulative (right to left):     [1534  794  502  385  280  224  171  146  133  116]
probabilites cumulative (right to left): [1.         0.51760104 0.32724902 0.25097784 0.18252934 0.14602347
 0.11147327 0.09517601 0.08670143 0.0756193 ]
datasets:  ['TR_w2v_test.txt', 'TR_w2v_dev.txt', 'TR_w2v_train.txt']
load disambiguations. wall time: 0.003214720884958903  minutes
disambiguations_errors:  0
load wiki_name_id_map. wall time: 0.01699308156967163  minutes
wiki_name_id_map_errors:  0
duplicate names:  49220
duplicate ids:  0
<class 'ValueError'> util.py 377
error in line:  '2\t16040,1,Addition\t154386,1,signes plus et moins'
<class 'ValueError'> util.py 377
error in line:  '12\t280740,7,Jean-Marc_Nollet\t54029,1,conseil des états\t54027,1,conseil national\t183886,1,philharmonie de paris\t2419390,1,wild heerbrugg\t13381104,1,miss americana'
duplicate_mentions_cnt:  1222
end of p_e_m reading. wall time: 0.32899662256240847  minutes
p_e_m_errors:  2
incompatible_ent_ids:  2339250
load disambiguations. wall time: 0.0032589991887410482  minutes
disambiguations_errors:  0
load wiki_name_id_map. wall time: 0.01695245901743571  minutes
wiki_name_id_map_errors:  0
duplicate names:  49220
duplicate ids:  0
persons not_found_cnt: 1119049
words in vocabulary:  86799
characters in vocabulary:  1535
processing file:  ../data/new_datasets_wiki2vec_TR/TR_w2v_test.txt
chunker parse error:  ('Dodge_Super_Bee', ['Les', 'Dodge', 'Super', 'Bee', 'étaient', 'des', 'muscle', 'cars', 'de', 'production', 'limitée', 'que', 'Dodge', ',', 'une', 'division', 'de', 'Chrysler', ',', 'a', 'produit', 'de', '1968', 'à', '1971', '.', 'La', '“mascotte”', 'du', 'logo', 'Super', 'Bee', 'a', 'été', 'ressuscitée', 'pour', 'agrémenter', 'les', 'custodes', 'des', 'modèles', 'Ram', 'Rumble', 'Bee', '2004', ',', 'et', 'des', 'Dodge', 'Charger', 'Super', 'Bee', 'du', 'millésime', '2007.Le', 'premier', 'Super', 'Bee', 'était', 'élaboré', 'à', 'partir', 'du', 'modèle', 'Dodge', 'Coronet', '.', 'Il', 'n’était', 'disponible', 'qu’en', 'coupé', 'et', 'en', 'cabriolet', '(très', 'rare)', 'et', 'construits', 'entre', '1968', 'et', '1970', '.', 'C’était', 'la', 'voiture', 'musclée', "d'entrée", 'de', 'gamme,', 'l’équivalent', 'du', 'modèle', 'Plymouth', 'Road', 'Runner', ',', 'et', 'coûtait', '3', '027', 'dollars', '.', 'On', 'pouvait', 'cocher', 'l’option', 'Hemi', ',', 'qui', 'a', 'elle', 'seule', 'augmentait', 'la', 'facture', 'de', '33', '%', '(seulement', '125', 'trouveront', 'acheteur).', 'Le', 'modèle', '1968', 'était', 'un', '2', 'portes', 'avec', 'deux', 'moteurs', 'au', 'choix', ';', 'le', 'V8', '383', 'Magnum', 'de', '335', 'hp,', 'et', 'l’optionnel', '426', 'Hemi', 'confessé', 'à', '425', 'hp.Les', 'Super', 'Bee', 'disposent', 'd’une', 'suspension', 'plus', 'robuste,', 'la', 'boîte', 'manuelle', 'optionnelle', 'à', 'quatre', 'rapports', 'Mopar', 'A-833', 'et', 'quatre', 'pneus', 'de', 'performants.', 'Sur', 'la', 'custode,', 'une', 'décalque', 'représentant', 'une', 'abeille', 'casquée', 'qui', 'charge', 'tête', 'baissée', 'est', 'harmonisée', 'aux', 'bandes', 'verticales', 'R/T.Une', 'version', 'hardtop', 'vient', 'rejoindre', 'le', 'coupé', 'au', 'catalogue', 'de', 'l’année', '1969', ',', 'avec', 'l’induction', 'd’air', 'frais', 'par', 'prises', 'd’air', 'sur', 'le', 'capot', 'nommée', '«\xa0Ramcharger', '».', 'Le', '«\xa0six-pack', '»', '(Trois', 'carburateurs', 'double', 'corps', '(barils),', 'une', 'version', 'vitaminée', 'du', 'moteur', 'Dodge', '440', 'pouces', 'cubes', 'est', 'venue', 's’ajouter', 'à', 'la', 'liste', 'd’options', 'en', 'milieu', "d'année.", 'Cette', 'option', 'coûtait', '463', 'dollars.', 'Les', 'modèles', 'de', 'l’année', '1969', 'a', 'donné', 'des', 'maux', 'de', 'tête', 'aux', 'acheteurs', 'de', 'Chrysler', 'avec', 'les', 'choix', 'de', 'moteurs.', 'Le', 'moteur', 'de', 'base', 'est', 'le', '383', 'pouces', 'cubes', 'hautes', 'performances,', 'le', '440', 'Six', 'Pack,', 'et', 'le', '426', 'Hemi.', 'Le', 'V8', '440', 'Magnum', 'n’était', 'pas', 'disponible', 'au', 'catalogue', 'des', 'options', 'et', 'était', 'réservé', 'aux', 'Coronet', 'R/T.', 'En', '1970,', 'les', 'Super', 'Bee', 'ont', 'reçu', 'une', 'calandre', 'retouchée', 'qui', 'représentait', 'deux', 'ovales', 'calquées', 'sur', 'la', 'forme', 'des', 'ailes', 'd‘abeille.', 'Ce', 'nouveau', 'look', 'a', 'rebuté', 'beaucoup', 'd’acheteurs', 'et', 'les', 'ventes', 'ont', 'drastiquement', 'chuté.', 'Malgré', 'ce', 'nouveau', 'look,', 'les', 'moteurs', 'aussi', 'bien', 'que', 'le', 'capot', '"ramcharger"', 'ont', 'été', 'recopiés', 'au', 'catalogue.Moteurs', ':Production', ':Alors', 'que', 'la', 'Dodge', 'Coronet', 'de', 'l’année', 'modèle', '1971', 'n’ait', 'été', 'disponible', 'qu’en', 'version', 'berline', 'quatre', 'portes', 'et', 'familiale', '(break,', 'station', 'wagon),', 'les', 'modèles', 'apposés', 'du', 'logo', 'Super', 'Bee', 'ont', 'été', 'le', 'Dodge', 'Charger', '.', 'La', 'Charger', 'ayant', 'déjà', 'sa', 'version', 'musclée', 'R/T,', 'les', 'Super', 'Bee', 'ont', 'été', 'rétrogradés', 'au', 'rang', 'd’entrée', 'de', 'gamme', 'et', 'coûtaient', '3.271', 'dollars.', '4.144', 'furent', 'construits,', 'alors', 'que', 'seulement', '22', 'l’ont', 'été', 'avec', 'un', 'moteur', 'Hemi', '.1971', 'est', 'la', 'première,', 'seule', 'et', 'dernière', 'année', 'où', 'le', 'moteur', 'de', 'base', 'des', 'Super', 'Bee', 'était', 'un', '340', 'pouces', 'cubes.', 'Nous', 'sommes', 'à', 'l’aube', 'de', 'la', 'première', 'grande', 'crise', 'du', 'pétrole.Le', 'moteur', 'V8', '440', 'Magnum', 'n’était', 'pas', 'disponible', 'en', 'option', 'sur', 'les', 'Super', 'Bee', '1971', '(la', 'description', 'sur', 'wikipédia', 'anglais', 'fait', 'mention', 'que', '26', 'ont', 'néanmoins', 'été', 'construits).Moteurs', ':Une', 'nouvelle', 'version', 'd’une', 'Super', 'Bee', 'est', 'disponible', 'en', '2007', ':', 'il', "s'agit", "d'une", 'version', 'très', 'limitée', 'de', 'la', 'Dodge', 'Charger', 'SRT8', 'piquée', 'par', 'une', 'abeille.', 'Elle', 'possède', 'une', 'superbe', 'carrosserie', 'de', 'couleur', 'jaune', 'Detonator', 'Yellow.', 'Pour', 'plus', 'd’exclusivité,', 'une', 'seule', 'a', 'été', 'rendue', 'disponible', 'avec', 'une', 'robe', 'noire', 'Chrystal', 'Prowler.', 'Ces', 'Dodge', 'Super', 'Bee', 'SRT8', 'sont', 'équipées', 'd’un', 'moteur', 'Hemi', '6,1', 'litres', 'de', '425', 'ch.<gallery>Image:SA550140.JPG|2007', 'Dodge', 'Charger', 'SRT-8', 'Super', 'Bee', '#711MMEND', 'Image:2007', 'Dodge', 'Charger', 'SRT-8', 'Super', 'Bee.jpg|2007', 'Dodge', 'Charger', 'SRT-8', 'Super', 'Bee', '#711MMEND', 'Image:SA550143.JPG|2007', 'Dodge', 'Charger', 'SRT-8', 'Super', 'Bee', '#711MMEND', '</gallery>Au', 'tournant', 'des', 'années', '70,', 'le', 'marché', 'mexicain', 'vendait', 'une', 'Dodge', 'Dart', 'à', 'laquelle', 'ils', 'ajoutaient', 'la', '“sauce”', 'Super', 'Bee', ';', 'ces', 'Super', 'Bee', 'étaient', 'élaborés', 'sur', 'la', 'plate-forme', 'compacte', 'Mopar', 'A', 'jusqu’en', '1976,', 'et', 'sur', 'la', 'plate-forme', 'F', '(en', 'maquillant', 'un', 'coupé', 'Dodge', 'Aspen', ')', 'entre', '1977-79', '(vendues', 'au', 'Mexique', 'comme', 'part', 'entière', 'de', 'la', 'série', 'Dodge', 'Valiant', 'Volare).'], [558, 570, 577], [], ['36246', '36246', '36246'])
../data/new_datasets_wiki2vec_TR/TR_w2v_test.txt  chunker parsing errors:  1
max_mention_width_violations : 0
gt_misses 60
gm_misses 7
gm_this_file 67
recall %     :  0.0  %
ground_truth_errors_cnt = 0
cand_entities_not_in_universe_cnt = 0
encoder samples_with_errors = 49
records_cnt =  1
processing file:  ../data/new_datasets_wiki2vec_TR/TR_w2v_dev.txt
../data/new_datasets_wiki2vec_TR/TR_w2v_dev.txt  chunker parsing errors:  0
max_mention_width_violations : 0
gt_misses 32
gm_misses 7
gm_this_file 39
recall %     :  0.0  %
ground_truth_errors_cnt = 0
cand_entities_not_in_universe_cnt = 0
encoder samples_with_errors = 25
records_cnt =  3
processing file:  ../data/new_datasets_wiki2vec_TR/TR_w2v_train.txt
../data/new_datasets_wiki2vec_TR/TR_w2v_train.txt  chunker parsing errors:  0
max_mention_width_violations : 0
gt_misses 2809
gm_misses 40
gm_this_file 2849
recall %     :  0.0  %
ground_truth_errors_cnt = 0
cand_entities_not_in_universe_cnt = 0
encoder samples_with_errors = 1193
records_cnt =  76
processing file:  ../data/new_datasets_wiki2vec_TR/TR_w2v_test.txt
chunker parse error:  ('Dodge_Super_Bee', ['Les', 'Dodge', 'Super', 'Bee', 'étaient', 'des', 'muscle', 'cars', 'de', 'production', 'limitée', 'que', 'Dodge', ',', 'une', 'division', 'de', 'Chrysler', ',', 'a', 'produit', 'de', '1968', 'à', '1971', '.', 'La', '“mascotte”', 'du', 'logo', 'Super', 'Bee', 'a', 'été', 'ressuscitée', 'pour', 'agrémenter', 'les', 'custodes', 'des', 'modèles', 'Ram', 'Rumble', 'Bee', '2004', ',', 'et', 'des', 'Dodge', 'Charger', 'Super', 'Bee', 'du', 'millésime', '2007.Le', 'premier', 'Super', 'Bee', 'était', 'élaboré', 'à', 'partir', 'du', 'modèle', 'Dodge', 'Coronet', '.', 'Il', 'n’était', 'disponible', 'qu’en', 'coupé', 'et', 'en', 'cabriolet', '(très', 'rare)', 'et', 'construits', 'entre', '1968', 'et', '1970', '.', 'C’était', 'la', 'voiture', 'musclée', "d'entrée", 'de', 'gamme,', 'l’équivalent', 'du', 'modèle', 'Plymouth', 'Road', 'Runner', ',', 'et', 'coûtait', '3', '027', 'dollars', '.', 'On', 'pouvait', 'cocher', 'l’option', 'Hemi', ',', 'qui', 'a', 'elle', 'seule', 'augmentait', 'la', 'facture', 'de', '33', '%', '(seulement', '125', 'trouveront', 'acheteur).', 'Le', 'modèle', '1968', 'était', 'un', '2', 'portes', 'avec', 'deux', 'moteurs', 'au', 'choix', ';', 'le', 'V8', '383', 'Magnum', 'de', '335', 'hp,', 'et', 'l’optionnel', '426', 'Hemi', 'confessé', 'à', '425', 'hp.Les', 'Super', 'Bee', 'disposent', 'd’une', 'suspension', 'plus', 'robuste,', 'la', 'boîte', 'manuelle', 'optionnelle', 'à', 'quatre', 'rapports', 'Mopar', 'A-833', 'et', 'quatre', 'pneus', 'de', 'performants.', 'Sur', 'la', 'custode,', 'une', 'décalque', 'représentant', 'une', 'abeille', 'casquée', 'qui', 'charge', 'tête', 'baissée', 'est', 'harmonisée', 'aux', 'bandes', 'verticales', 'R/T.Une', 'version', 'hardtop', 'vient', 'rejoindre', 'le', 'coupé', 'au', 'catalogue', 'de', 'l’année', '1969', ',', 'avec', 'l’induction', 'd’air', 'frais', 'par', 'prises', 'd’air', 'sur', 'le', 'capot', 'nommée', '«\xa0Ramcharger', '».', 'Le', '«\xa0six-pack', '»', '(Trois', 'carburateurs', 'double', 'corps', '(barils),', 'une', 'version', 'vitaminée', 'du', 'moteur', 'Dodge', '440', 'pouces', 'cubes', 'est', 'venue', 's’ajouter', 'à', 'la', 'liste', 'd’options', 'en', 'milieu', "d'année.", 'Cette', 'option', 'coûtait', '463', 'dollars.', 'Les', 'modèles', 'de', 'l’année', '1969', 'a', 'donné', 'des', 'maux', 'de', 'tête', 'aux', 'acheteurs', 'de', 'Chrysler', 'avec', 'les', 'choix', 'de', 'moteurs.', 'Le', 'moteur', 'de', 'base', 'est', 'le', '383', 'pouces', 'cubes', 'hautes', 'performances,', 'le', '440', 'Six', 'Pack,', 'et', 'le', '426', 'Hemi.', 'Le', 'V8', '440', 'Magnum', 'n’était', 'pas', 'disponible', 'au', 'catalogue', 'des', 'options', 'et', 'était', 'réservé', 'aux', 'Coronet', 'R/T.', 'En', '1970,', 'les', 'Super', 'Bee', 'ont', 'reçu', 'une', 'calandre', 'retouchée', 'qui', 'représentait', 'deux', 'ovales', 'calquées', 'sur', 'la', 'forme', 'des', 'ailes', 'd‘abeille.', 'Ce', 'nouveau', 'look', 'a', 'rebuté', 'beaucoup', 'd’acheteurs', 'et', 'les', 'ventes', 'ont', 'drastiquement', 'chuté.', 'Malgré', 'ce', 'nouveau', 'look,', 'les', 'moteurs', 'aussi', 'bien', 'que', 'le', 'capot', '"ramcharger"', 'ont', 'été', 'recopiés', 'au', 'catalogue.Moteurs', ':Production', ':Alors', 'que', 'la', 'Dodge', 'Coronet', 'de', 'l’année', 'modèle', '1971', 'n’ait', 'été', 'disponible', 'qu’en', 'version', 'berline', 'quatre', 'portes', 'et', 'familiale', '(break,', 'station', 'wagon),', 'les', 'modèles', 'apposés', 'du', 'logo', 'Super', 'Bee', 'ont', 'été', 'le', 'Dodge', 'Charger', '.', 'La', 'Charger', 'ayant', 'déjà', 'sa', 'version', 'musclée', 'R/T,', 'les', 'Super', 'Bee', 'ont', 'été', 'rétrogradés', 'au', 'rang', 'd’entrée', 'de', 'gamme', 'et', 'coûtaient', '3.271', 'dollars.', '4.144', 'furent', 'construits,', 'alors', 'que', 'seulement', '22', 'l’ont', 'été', 'avec', 'un', 'moteur', 'Hemi', '.1971', 'est', 'la', 'première,', 'seule', 'et', 'dernière', 'année', 'où', 'le', 'moteur', 'de', 'base', 'des', 'Super', 'Bee', 'était', 'un', '340', 'pouces', 'cubes.', 'Nous', 'sommes', 'à', 'l’aube', 'de', 'la', 'première', 'grande', 'crise', 'du', 'pétrole.Le', 'moteur', 'V8', '440', 'Magnum', 'n’était', 'pas', 'disponible', 'en', 'option', 'sur', 'les', 'Super', 'Bee', '1971', '(la', 'description', 'sur', 'wikipédia', 'anglais', 'fait', 'mention', 'que', '26', 'ont', 'néanmoins', 'été', 'construits).Moteurs', ':Une', 'nouvelle', 'version', 'd’une', 'Super', 'Bee', 'est', 'disponible', 'en', '2007', ':', 'il', "s'agit", "d'une", 'version', 'très', 'limitée', 'de', 'la', 'Dodge', 'Charger', 'SRT8', 'piquée', 'par', 'une', 'abeille.', 'Elle', 'possède', 'une', 'superbe', 'carrosserie', 'de', 'couleur', 'jaune', 'Detonator', 'Yellow.', 'Pour', 'plus', 'd’exclusivité,', 'une', 'seule', 'a', 'été', 'rendue', 'disponible', 'avec', 'une', 'robe', 'noire', 'Chrystal', 'Prowler.', 'Ces', 'Dodge', 'Super', 'Bee', 'SRT8', 'sont', 'équipées', 'd’un', 'moteur', 'Hemi', '6,1', 'litres', 'de', '425', 'ch.<gallery>Image:SA550140.JPG|2007', 'Dodge', 'Charger', 'SRT-8', 'Super', 'Bee', '#711MMEND', 'Image:2007', 'Dodge', 'Charger', 'SRT-8', 'Super', 'Bee.jpg|2007', 'Dodge', 'Charger', 'SRT-8', 'Super', 'Bee', '#711MMEND', 'Image:SA550143.JPG|2007', 'Dodge', 'Charger', 'SRT-8', 'Super', 'Bee', '#711MMEND', '</gallery>Au', 'tournant', 'des', 'années', '70,', 'le', 'marché', 'mexicain', 'vendait', 'une', 'Dodge', 'Dart', 'à', 'laquelle', 'ils', 'ajoutaient', 'la', '“sauce”', 'Super', 'Bee', ';', 'ces', 'Super', 'Bee', 'étaient', 'élaborés', 'sur', 'la', 'plate-forme', 'compacte', 'Mopar', 'A', 'jusqu’en', '1976,', 'et', 'sur', 'la', 'plate-forme', 'F', '(en', 'maquillant', 'un', 'coupé', 'Dodge', 'Aspen', ')', 'entre', '1977-79', '(vendues', 'au', 'Mexique', 'comme', 'part', 'entière', 'de', 'la', 'série', 'Dodge', 'Valiant', 'Volare).'], [558, 570, 577], [], ['36246', '36246', '36246'])
../data/new_datasets_wiki2vec_TR/TR_w2v_test.txt  chunker parsing errors:  1
max_mention_width_violations : 0
gt_misses 60
gm_misses 7
gm_this_file:  67
recall %     :  0.0  %
ground_truth_errors_cnt = 0
cand_entities_not_in_universe_cnt = 0
encoder samples_with_errors = 49
records_cnt =  1421
processing file:  ../data/new_datasets_wiki2vec_TR/TR_w2v_dev.txt
../data/new_datasets_wiki2vec_TR/TR_w2v_dev.txt  chunker parsing errors:  0
max_mention_width_violations : 0
gt_misses 32
gm_misses 7
gm_this_file:  39
recall %     :  0.0  %
ground_truth_errors_cnt = 0
cand_entities_not_in_universe_cnt = 0
encoder samples_with_errors = 25
records_cnt =  710
processing file:  ../data/new_datasets_wiki2vec_TR/TR_w2v_train.txt
../data/new_datasets_wiki2vec_TR/TR_w2v_train.txt  chunker parsing errors:  0
max_mention_width_violations : 0
gt_misses 2809
gm_misses 40
gm_this_file:  2849
recall %     :  0.0  %
ground_truth_errors_cnt = 0
cand_entities_not_in_universe_cnt = 0
encoder samples_with_errors = 1193
records_cnt =  3730
START
load disambiguations. wall time: 0.0033893465995788576  minutes
disambiguations_errors:  0
load wiki_name_id_map. wall time: 0.021029754479726156  minutes
wiki_name_id_map_errors:  0
duplicate names:  0
duplicate ids:  0
['Montesarchio', 'Daniel Caffé', 'Viliame Naupoto', 'Lofa Tatupu', 'Quinton Flynn', 'Bob Nelson', 'Inland Empire (film)', 'I Want to Hold Your Hand', "Muhammad Ali's Greatest Fight", 'Lyngdal', 'Lorrha', 'José Manuel García Naranjo', 'Antonio Brown', 'Salcombe', 'Edward Hardwicke']
process_TR	unknown_gt_ids: 24331/37860 (64.27%)
nb '\n' = 142846
file save at '/people/carpentier/Modeles/end2end_neural_el-master/code/../data/new_datasets_wiki2vec_TR/TR_train.txt'
['(10979) Fristephenson', '(242) Kriemhild', '(511) Davida', '11e brigade parachutiste', "171e régiment d'infanterie", "18e étape du Tour d'Espagne 2007"]
dev files : 1470/4412 (33.32%)
test file : 2942/4412 (66.68%)

load disambiguations. wall time: 0.006953191757202148  minutes
disambiguations_errors:  0
load wiki_name_id_map. wall time: 0.019048563639322915  minutes
wiki_name_id_map_errors:  0
duplicate names:  0
duplicate ids:  0
['Montesarchio', 'Daniel Caffé', 'Viliame Naupoto', 'Lofa Tatupu', 'Quinton Flynn', 'Bob Nelson', 'Inland Empire (film)', 'I Want to Hold Your Hand', "Muhammad Ali's Greatest Fight", 'Lyngdal', 'Lorrha', 'José Manuel García Naranjo', 'Antonio Brown', 'Salcombe', 'Edward Hardwicke']
process_TR	unknown_gt_ids: 3377/4932 (68.47%)
nb '\n' = 23280
file save at '/people/carpentier/Modeles/end2end_neural_el-master/code/../data/new_datasets_wiki2vec_TR/TR_dev.txt'
load disambiguations. wall time: 0.0032593290011088054  minutes
disambiguations_errors:  0
load wiki_name_id_map. wall time: 0.016278032461802164  minutes
wiki_name_id_map_errors:  0
duplicate names:  0
duplicate ids:  0
['Montesarchio', 'Daniel Caffé', 'Viliame Naupoto', 'Lofa Tatupu', 'Quinton Flynn', 'Bob Nelson', 'Inland Empire (film)', 'I Want to Hold Your Hand', "Muhammad Ali's Greatest Fight", 'Lyngdal', 'Lorrha', 'José Manuel García Naranjo', 'Antonio Brown', 'Salcombe', 'Edward Hardwicke']
process_TR	unknown_gt_ids: 6410/9426 (68.00%)
nb '\n' = 47346
file save at '/people/carpentier/Modeles/end2end_neural_el-master/code/../data/new_datasets_wiki2vec_TR/TR_test.txt'
remerge dev & test :
	old dev : 1470 docs
	new test : 4412 docs
DONE
len(train_entities) = 20762
len(dev_entities) = 4162
len(test_entities) = 7632
train_entities.intersection(dev_entities) = 606
train_entities.intersection(test_entities) = 1057
dev_entities.intersection(test_entities) = 367
len(train_mentions) = 21188
len(dev_mentions) = 4245
len(test_mentions) = 7782
train_mentions.intersection(dev_mentions) = 421
train_mentions.intersection(test_mentions) = 807
dev_mentions.intersection(test_mentions) = 327
Namespace(calculate_stats=True, cand_ent_num=30, char_freq_thr=1, chunking='per_document', context_bert=False, create_entity_universe=False, datasets_folder='new_datasets_wiki2vec_TR', entity_extension=None, experiment_name='transfert_fr_wiki2vec', include_wikidumpRLTD=False, lowercase_p_e_m=False, lowercase_spans=False, max_mention_width=10, p_e_m_choice='crosswiki', persons_coreference=True, persons_coreference_merge=True, prob_p_e_m='crosswikis_wikipedia2vec_p_e_m.txt', wercase_p_e_m=False, wiki_id_file='wiki_name_id_map_wiki2vec.txt', wikiid2nnid_file='wikiid2nnid_wiki2vec.txt', word2vec='google', word_bert=False, word_freq_thr=1)
Processing dataset:  ace2004.txt
Processing dataset:  aida_dev.txt
Processing dataset:  aida_test.txt
Processing dataset:  aida_train.txt
Processing dataset:  aquaint.txt
Processing dataset:  clueweb.txt
Processing dataset:  msnbc.txt
Processing dataset:  wikipedia.txt
Processing dataset:  TR_dev.txt
Processing dataset:  TR_test.txt
Processing dataset:  TR_train.txt
Processing dataset:  TR_conll_train.txt
Processing dataset:  TR_conll_test.txt
Processing dataset:  TR_conll_dev.txt
Processing dataset:  aida_w2v_train.txt
Processing dataset:  aida_w2v_test.txt
Processing dataset:  aida_w2v_dev.txt
Processing dataset:  TR_w2v_train.txt
Processing dataset:  TR_w2v_test.txt
Processing dataset:  TR_w2v_dev.txt
not_in_word2vec_cnt =  4659625
all_words_cnt =  14099617
some frequency statistics. The bins are [...) 
word  frequency histogram, edges:  [1, 2, 3, 6, 11, 21, 31, 51, 76, 101, 201, inf]
absolute values:         [11404  7796 26036 15415  8936  4313  3695  2274  1199  2186  3547]
absolute cumulative (right to left):     [86801 75397 67601 41565 26150 17214 12901  9206  6932  5733  3547]
probabilites cumulative (right to left): [1.         0.86861903 0.77880439 0.47885393 0.30126381 0.19831569
 0.14862732 0.10605869 0.07986083 0.06604763 0.04086358]
character  frequency histogram, edges:  [1, 6, 11, 21, 51, 101, 201, 501, 1001, 2001, inf]
absolute values:         [740 292 117 105  56  53  25  13  17 116]
absolute cumulative (right to left):     [1534  794  502  385  280  224  171  146  133  116]
probabilites cumulative (right to left): [1.         0.51760104 0.32724902 0.25097784 0.18252934 0.14602347
 0.11147327 0.09517601 0.08670143 0.0756193 ]
datasets:  ['TR_w2v_test.txt', 'TR_w2v_dev.txt', 'TR_w2v_train.txt']
load disambiguations. wall time: 0.0033611456553141275  minutes
disambiguations_errors:  0
load wiki_name_id_map. wall time: 0.015213537216186523  minutes
wiki_name_id_map_errors:  0
duplicate names:  0
duplicate ids:  0
duplicate_mentions_cnt:  0
end of p_e_m reading. wall time: 0.33768721024195353  minutes
p_e_m_errors:  0
incompatible_ent_ids:  2674828
load disambiguations. wall time: 0.003104245662689209  minutes
disambiguations_errors:  0
load wiki_name_id_map. wall time: 0.014217197895050049  minutes
wiki_name_id_map_errors:  0
duplicate names:  0
duplicate ids:  0
persons not_found_cnt: 937739
words in vocabulary:  86802
characters in vocabulary:  1535
processing file:  ../data/new_datasets_wiki2vec_TR/TR_w2v_test.txt
chunker parse error:  ('Dodge_Super_Bee', ['Les', 'Dodge', 'Super', 'Bee', 'étaient', 'des', 'muscle', 'cars', 'de', 'production', 'limitée', 'que', 'Dodge', ',', 'une', 'division', 'de', 'Chrysler', ',', 'a', 'produit', 'de', '1968', 'à', '1971', '.', 'La', '“mascotte”', 'du', 'logo', 'Super', 'Bee', 'a', 'été', 'ressuscitée', 'pour', 'agrémenter', 'les', 'custodes', 'des', 'modèles', 'Ram', 'Rumble', 'Bee', '2004', ',', 'et', 'des', 'Dodge', 'Charger', 'Super', 'Bee', 'du', 'millésime', '2007.Le', 'premier', 'Super', 'Bee', 'était', 'élaboré', 'à', 'partir', 'du', 'modèle', 'Dodge', 'Coronet', '.', 'Il', 'n’était', 'disponible', 'qu’en', 'coupé', 'et', 'en', 'cabriolet', '(très', 'rare)', 'et', 'construits', 'entre', '1968', 'et', '1970', '.', 'C’était', 'la', 'voiture', 'musclée', "d'entrée", 'de', 'gamme,', 'l’équivalent', 'du', 'modèle', 'Plymouth', 'Road', 'Runner', ',', 'et', 'coûtait', '3', '027', 'dollars', '.', 'On', 'pouvait', 'cocher', 'l’option', 'Hemi', ',', 'qui', 'a', 'elle', 'seule', 'augmentait', 'la', 'facture', 'de', '33', '%', '(seulement', '125', 'trouveront', 'acheteur).', 'Le', 'modèle', '1968', 'était', 'un', '2', 'portes', 'avec', 'deux', 'moteurs', 'au', 'choix', ';', 'le', 'V8', '383', 'Magnum', 'de', '335', 'hp,', 'et', 'l’optionnel', '426', 'Hemi', 'confessé', 'à', '425', 'hp.Les', 'Super', 'Bee', 'disposent', 'd’une', 'suspension', 'plus', 'robuste,', 'la', 'boîte', 'manuelle', 'optionnelle', 'à', 'quatre', 'rapports', 'Mopar', 'A-833', 'et', 'quatre', 'pneus', 'de', 'performants.', 'Sur', 'la', 'custode,', 'une', 'décalque', 'représentant', 'une', 'abeille', 'casquée', 'qui', 'charge', 'tête', 'baissée', 'est', 'harmonisée', 'aux', 'bandes', 'verticales', 'R/T.Une', 'version', 'hardtop', 'vient', 'rejoindre', 'le', 'coupé', 'au', 'catalogue', 'de', 'l’année', '1969', ',', 'avec', 'l’induction', 'd’air', 'frais', 'par', 'prises', 'd’air', 'sur', 'le', 'capot', 'nommée', '«\xa0Ramcharger', '».', 'Le', '«\xa0six-pack', '»', '(Trois', 'carburateurs', 'double', 'corps', '(barils),', 'une', 'version', 'vitaminée', 'du', 'moteur', 'Dodge', '440', 'pouces', 'cubes', 'est', 'venue', 's’ajouter', 'à', 'la', 'liste', 'd’options', 'en', 'milieu', "d'année.", 'Cette', 'option', 'coûtait', '463', 'dollars.', 'Les', 'modèles', 'de', 'l’année', '1969', 'a', 'donné', 'des', 'maux', 'de', 'tête', 'aux', 'acheteurs', 'de', 'Chrysler', 'avec', 'les', 'choix', 'de', 'moteurs.', 'Le', 'moteur', 'de', 'base', 'est', 'le', '383', 'pouces', 'cubes', 'hautes', 'performances,', 'le', '440', 'Six', 'Pack,', 'et', 'le', '426', 'Hemi.', 'Le', 'V8', '440', 'Magnum', 'n’était', 'pas', 'disponible', 'au', 'catalogue', 'des', 'options', 'et', 'était', 'réservé', 'aux', 'Coronet', 'R/T.', 'En', '1970,', 'les', 'Super', 'Bee', 'ont', 'reçu', 'une', 'calandre', 'retouchée', 'qui', 'représentait', 'deux', 'ovales', 'calquées', 'sur', 'la', 'forme', 'des', 'ailes', 'd‘abeille.', 'Ce', 'nouveau', 'look', 'a', 'rebuté', 'beaucoup', 'd’acheteurs', 'et', 'les', 'ventes', 'ont', 'drastiquement', 'chuté.', 'Malgré', 'ce', 'nouveau', 'look,', 'les', 'moteurs', 'aussi', 'bien', 'que', 'le', 'capot', '"ramcharger"', 'ont', 'été', 'recopiés', 'au', 'catalogue.Moteurs', ':Production', ':Alors', 'que', 'la', 'Dodge', 'Coronet', 'de', 'l’année', 'modèle', '1971', 'n’ait', 'été', 'disponible', 'qu’en', 'version', 'berline', 'quatre', 'portes', 'et', 'familiale', '(break,', 'station', 'wagon),', 'les', 'modèles', 'apposés', 'du', 'logo', 'Super', 'Bee', 'ont', 'été', 'le', 'Dodge', 'Charger', '.', 'La', 'Charger', 'ayant', 'déjà', 'sa', 'version', 'musclée', 'R/T,', 'les', 'Super', 'Bee', 'ont', 'été', 'rétrogradés', 'au', 'rang', 'd’entrée', 'de', 'gamme', 'et', 'coûtaient', '3.271', 'dollars.', '4.144', 'furent', 'construits,', 'alors', 'que', 'seulement', '22', 'l’ont', 'été', 'avec', 'un', 'moteur', 'Hemi', '.1971', 'est', 'la', 'première,', 'seule', 'et', 'dernière', 'année', 'où', 'le', 'moteur', 'de', 'base', 'des', 'Super', 'Bee', 'était', 'un', '340', 'pouces', 'cubes.', 'Nous', 'sommes', 'à', 'l’aube', 'de', 'la', 'première', 'grande', 'crise', 'du', 'pétrole.Le', 'moteur', 'V8', '440', 'Magnum', 'n’était', 'pas', 'disponible', 'en', 'option', 'sur', 'les', 'Super', 'Bee', '1971', '(la', 'description', 'sur', 'wikipédia', 'anglais', 'fait', 'mention', 'que', '26', 'ont', 'néanmoins', 'été', 'construits).Moteurs', ':Une', 'nouvelle', 'version', 'd’une', 'Super', 'Bee', 'est', 'disponible', 'en', '2007', ':', 'il', "s'agit", "d'une", 'version', 'très', 'limitée', 'de', 'la', 'Dodge', 'Charger', 'SRT8', 'piquée', 'par', 'une', 'abeille.', 'Elle', 'possède', 'une', 'superbe', 'carrosserie', 'de', 'couleur', 'jaune', 'Detonator', 'Yellow.', 'Pour', 'plus', 'd’exclusivité,', 'une', 'seule', 'a', 'été', 'rendue', 'disponible', 'avec', 'une', 'robe', 'noire', 'Chrystal', 'Prowler.', 'Ces', 'Dodge', 'Super', 'Bee', 'SRT8', 'sont', 'équipées', 'd’un', 'moteur', 'Hemi', '6,1', 'litres', 'de', '425', 'ch.<gallery>Image:SA550140.JPG|2007', 'Dodge', 'Charger', 'SRT-8', 'Super', 'Bee', '#711MMEND', 'Image:2007', 'Dodge', 'Charger', 'SRT-8', 'Super', 'Bee.jpg|2007', 'Dodge', 'Charger', 'SRT-8', 'Super', 'Bee', '#711MMEND', 'Image:SA550143.JPG|2007', 'Dodge', 'Charger', 'SRT-8', 'Super', 'Bee', '#711MMEND', '</gallery>Au', 'tournant', 'des', 'années', '70,', 'le', 'marché', 'mexicain', 'vendait', 'une', 'Dodge', 'Dart', 'à', 'laquelle', 'ils', 'ajoutaient', 'la', '“sauce”', 'Super', 'Bee', ';', 'ces', 'Super', 'Bee', 'étaient', 'élaborés', 'sur', 'la', 'plate-forme', 'compacte', 'Mopar', 'A', 'jusqu’en', '1976,', 'et', 'sur', 'la', 'plate-forme', 'F', '(en', 'maquillant', 'un', 'coupé', 'Dodge', 'Aspen', ')', 'entre', '1977-79', '(vendues', 'au', 'Mexique', 'comme', 'part', 'entière', 'de', 'la', 'série', 'Dodge', 'Valiant', 'Volare).'], [558, 570, 577], [], ['36246', '36246', '36246'])
../data/new_datasets_wiki2vec_TR/TR_w2v_test.txt  chunker parsing errors:  1
max_mention_width_violations : 0
gt_misses 59
gm_misses 8
gm_this_file 67
recall %     :  0.0  %
ground_truth_errors_cnt = 0
cand_entities_not_in_universe_cnt = 0
encoder samples_with_errors = 46
records_cnt =  4
processing file:  ../data/new_datasets_wiki2vec_TR/TR_w2v_dev.txt
../data/new_datasets_wiki2vec_TR/TR_w2v_dev.txt  chunker parsing errors:  0
max_mention_width_violations : 0
gt_misses 31
gm_misses 8
gm_this_file 39
recall %     :  0.0  %
ground_truth_errors_cnt = 0
cand_entities_not_in_universe_cnt = 0
encoder samples_with_errors = 26
records_cnt =  2
processing file:  ../data/new_datasets_wiki2vec_TR/TR_w2v_train.txt
../data/new_datasets_wiki2vec_TR/TR_w2v_train.txt  chunker parsing errors:  0
max_mention_width_violations : 0
gt_misses 2775
gm_misses 74
gm_this_file 2849
recall %     :  0.0  %
ground_truth_errors_cnt = 0
cand_entities_not_in_universe_cnt = 0
encoder samples_with_errors = 1221
records_cnt =  48
processing file:  ../data/new_datasets_wiki2vec_TR/TR_w2v_test.txt
chunker parse error:  ('Dodge_Super_Bee', ['Les', 'Dodge', 'Super', 'Bee', 'étaient', 'des', 'muscle', 'cars', 'de', 'production', 'limitée', 'que', 'Dodge', ',', 'une', 'division', 'de', 'Chrysler', ',', 'a', 'produit', 'de', '1968', 'à', '1971', '.', 'La', '“mascotte”', 'du', 'logo', 'Super', 'Bee', 'a', 'été', 'ressuscitée', 'pour', 'agrémenter', 'les', 'custodes', 'des', 'modèles', 'Ram', 'Rumble', 'Bee', '2004', ',', 'et', 'des', 'Dodge', 'Charger', 'Super', 'Bee', 'du', 'millésime', '2007.Le', 'premier', 'Super', 'Bee', 'était', 'élaboré', 'à', 'partir', 'du', 'modèle', 'Dodge', 'Coronet', '.', 'Il', 'n’était', 'disponible', 'qu’en', 'coupé', 'et', 'en', 'cabriolet', '(très', 'rare)', 'et', 'construits', 'entre', '1968', 'et', '1970', '.', 'C’était', 'la', 'voiture', 'musclée', "d'entrée", 'de', 'gamme,', 'l’équivalent', 'du', 'modèle', 'Plymouth', 'Road', 'Runner', ',', 'et', 'coûtait', '3', '027', 'dollars', '.', 'On', 'pouvait', 'cocher', 'l’option', 'Hemi', ',', 'qui', 'a', 'elle', 'seule', 'augmentait', 'la', 'facture', 'de', '33', '%', '(seulement', '125', 'trouveront', 'acheteur).', 'Le', 'modèle', '1968', 'était', 'un', '2', 'portes', 'avec', 'deux', 'moteurs', 'au', 'choix', ';', 'le', 'V8', '383', 'Magnum', 'de', '335', 'hp,', 'et', 'l’optionnel', '426', 'Hemi', 'confessé', 'à', '425', 'hp.Les', 'Super', 'Bee', 'disposent', 'd’une', 'suspension', 'plus', 'robuste,', 'la', 'boîte', 'manuelle', 'optionnelle', 'à', 'quatre', 'rapports', 'Mopar', 'A-833', 'et', 'quatre', 'pneus', 'de', 'performants.', 'Sur', 'la', 'custode,', 'une', 'décalque', 'représentant', 'une', 'abeille', 'casquée', 'qui', 'charge', 'tête', 'baissée', 'est', 'harmonisée', 'aux', 'bandes', 'verticales', 'R/T.Une', 'version', 'hardtop', 'vient', 'rejoindre', 'le', 'coupé', 'au', 'catalogue', 'de', 'l’année', '1969', ',', 'avec', 'l’induction', 'd’air', 'frais', 'par', 'prises', 'd’air', 'sur', 'le', 'capot', 'nommée', '«\xa0Ramcharger', '».', 'Le', '«\xa0six-pack', '»', '(Trois', 'carburateurs', 'double', 'corps', '(barils),', 'une', 'version', 'vitaminée', 'du', 'moteur', 'Dodge', '440', 'pouces', 'cubes', 'est', 'venue', 's’ajouter', 'à', 'la', 'liste', 'd’options', 'en', 'milieu', "d'année.", 'Cette', 'option', 'coûtait', '463', 'dollars.', 'Les', 'modèles', 'de', 'l’année', '1969', 'a', 'donné', 'des', 'maux', 'de', 'tête', 'aux', 'acheteurs', 'de', 'Chrysler', 'avec', 'les', 'choix', 'de', 'moteurs.', 'Le', 'moteur', 'de', 'base', 'est', 'le', '383', 'pouces', 'cubes', 'hautes', 'performances,', 'le', '440', 'Six', 'Pack,', 'et', 'le', '426', 'Hemi.', 'Le', 'V8', '440', 'Magnum', 'n’était', 'pas', 'disponible', 'au', 'catalogue', 'des', 'options', 'et', 'était', 'réservé', 'aux', 'Coronet', 'R/T.', 'En', '1970,', 'les', 'Super', 'Bee', 'ont', 'reçu', 'une', 'calandre', 'retouchée', 'qui', 'représentait', 'deux', 'ovales', 'calquées', 'sur', 'la', 'forme', 'des', 'ailes', 'd‘abeille.', 'Ce', 'nouveau', 'look', 'a', 'rebuté', 'beaucoup', 'd’acheteurs', 'et', 'les', 'ventes', 'ont', 'drastiquement', 'chuté.', 'Malgré', 'ce', 'nouveau', 'look,', 'les', 'moteurs', 'aussi', 'bien', 'que', 'le', 'capot', '"ramcharger"', 'ont', 'été', 'recopiés', 'au', 'catalogue.Moteurs', ':Production', ':Alors', 'que', 'la', 'Dodge', 'Coronet', 'de', 'l’année', 'modèle', '1971', 'n’ait', 'été', 'disponible', 'qu’en', 'version', 'berline', 'quatre', 'portes', 'et', 'familiale', '(break,', 'station', 'wagon),', 'les', 'modèles', 'apposés', 'du', 'logo', 'Super', 'Bee', 'ont', 'été', 'le', 'Dodge', 'Charger', '.', 'La', 'Charger', 'ayant', 'déjà', 'sa', 'version', 'musclée', 'R/T,', 'les', 'Super', 'Bee', 'ont', 'été', 'rétrogradés', 'au', 'rang', 'd’entrée', 'de', 'gamme', 'et', 'coûtaient', '3.271', 'dollars.', '4.144', 'furent', 'construits,', 'alors', 'que', 'seulement', '22', 'l’ont', 'été', 'avec', 'un', 'moteur', 'Hemi', '.1971', 'est', 'la', 'première,', 'seule', 'et', 'dernière', 'année', 'où', 'le', 'moteur', 'de', 'base', 'des', 'Super', 'Bee', 'était', 'un', '340', 'pouces', 'cubes.', 'Nous', 'sommes', 'à', 'l’aube', 'de', 'la', 'première', 'grande', 'crise', 'du', 'pétrole.Le', 'moteur', 'V8', '440', 'Magnum', 'n’était', 'pas', 'disponible', 'en', 'option', 'sur', 'les', 'Super', 'Bee', '1971', '(la', 'description', 'sur', 'wikipédia', 'anglais', 'fait', 'mention', 'que', '26', 'ont', 'néanmoins', 'été', 'construits).Moteurs', ':Une', 'nouvelle', 'version', 'd’une', 'Super', 'Bee', 'est', 'disponible', 'en', '2007', ':', 'il', "s'agit", "d'une", 'version', 'très', 'limitée', 'de', 'la', 'Dodge', 'Charger', 'SRT8', 'piquée', 'par', 'une', 'abeille.', 'Elle', 'possède', 'une', 'superbe', 'carrosserie', 'de', 'couleur', 'jaune', 'Detonator', 'Yellow.', 'Pour', 'plus', 'd’exclusivité,', 'une', 'seule', 'a', 'été', 'rendue', 'disponible', 'avec', 'une', 'robe', 'noire', 'Chrystal', 'Prowler.', 'Ces', 'Dodge', 'Super', 'Bee', 'SRT8', 'sont', 'équipées', 'd’un', 'moteur', 'Hemi', '6,1', 'litres', 'de', '425', 'ch.<gallery>Image:SA550140.JPG|2007', 'Dodge', 'Charger', 'SRT-8', 'Super', 'Bee', '#711MMEND', 'Image:2007', 'Dodge', 'Charger', 'SRT-8', 'Super', 'Bee.jpg|2007', 'Dodge', 'Charger', 'SRT-8', 'Super', 'Bee', '#711MMEND', 'Image:SA550143.JPG|2007', 'Dodge', 'Charger', 'SRT-8', 'Super', 'Bee', '#711MMEND', '</gallery>Au', 'tournant', 'des', 'années', '70,', 'le', 'marché', 'mexicain', 'vendait', 'une', 'Dodge', 'Dart', 'à', 'laquelle', 'ils', 'ajoutaient', 'la', '“sauce”', 'Super', 'Bee', ';', 'ces', 'Super', 'Bee', 'étaient', 'élaborés', 'sur', 'la', 'plate-forme', 'compacte', 'Mopar', 'A', 'jusqu’en', '1976,', 'et', 'sur', 'la', 'plate-forme', 'F', '(en', 'maquillant', 'un', 'coupé', 'Dodge', 'Aspen', ')', 'entre', '1977-79', '(vendues', 'au', 'Mexique', 'comme', 'part', 'entière', 'de', 'la', 'série', 'Dodge', 'Valiant', 'Volare).'], [558, 570, 577], [], ['36246', '36246', '36246'])
../data/new_datasets_wiki2vec_TR/TR_w2v_test.txt  chunker parsing errors:  1
max_mention_width_violations : 0
gt_misses 59
gm_misses 8
gm_this_file:  67
recall %     :  0.0  %
ground_truth_errors_cnt = 0
cand_entities_not_in_universe_cnt = 0
encoder samples_with_errors = 46
records_cnt =  1424
processing file:  ../data/new_datasets_wiki2vec_TR/TR_w2v_dev.txt
../data/new_datasets_wiki2vec_TR/TR_w2v_dev.txt  chunker parsing errors:  0
max_mention_width_violations : 0
gt_misses 31
gm_misses 8
gm_this_file:  39
recall %     :  0.0  %
ground_truth_errors_cnt = 0
cand_entities_not_in_universe_cnt = 0
encoder samples_with_errors = 26
records_cnt =  709
processing file:  ../data/new_datasets_wiki2vec_TR/TR_w2v_train.txt
../data/new_datasets_wiki2vec_TR/TR_w2v_train.txt  chunker parsing errors:  0
max_mention_width_violations : 0
gt_misses 2775
gm_misses 74
gm_this_file:  2849
recall %     :  0.0  %
ground_truth_errors_cnt = 0
cand_entities_not_in_universe_cnt = 0
encoder samples_with_errors = 1221
records_cnt =  3702
